[  1560.763] (--) Log file renamed from "/home/omen/.local/share/xorg/Xorg.pid-1558.log" to "/home/omen/.local/share/xorg/Xorg.0.log"
[  1560.763] 
X.Org X Server 1.19.6
Release Date: 2017-12-20
[  1560.764] X Protocol Version 11, Revision 0
[  1560.764] Build Operating System: Linux 4.4.0-148-generic x86_64 Ubuntu
[  1560.764] Current Operating System: Linux omen-VirtualBox 4.15.0-60-generic #67-Ubuntu SMP Thu Aug 22 16:55:30 UTC 2019 x86_64
[  1560.764] Kernel command line: BOOT_IMAGE=/boot/vmlinuz-4.15.0-60-generic root=UUID=ff2ad08c-b63d-4593-bc6e-473c6813aebd ro quiet splash
[  1560.764] Build Date: 03 June 2019  08:10:35AM
[  1560.764] xorg-server 2:1.19.6-1ubuntu4.3 (For technical support please see http://www.ubuntu.com/support) 
[  1560.764] Current version of pixman: 0.34.0
[  1560.765] 	Before reporting problems, check http://wiki.x.org
	to make sure that you have the latest version.
[  1560.765] Markers: (--) probed, (**) from config file, (==) default setting,
	(++) from command line, (!!) notice, (II) informational,
	(WW) warning, (EE) error, (NI) not implemented, (??) unknown.
[  1560.765] (==) Log file: "/home/omen/.local/share/xorg/Xorg.0.log", Time: Fri Sep  6 12:40:15 2019
[  1560.782] (==) Using system config directory "/usr/share/X11/xorg.conf.d"
[  1560.827] (==) No Layout section.  Using the first Screen section.
[  1560.827] (==) No screen section available. Using defaults.
[  1560.827] (**) |-->Screen "Default Screen Section" (0)
[  1560.827] (**) |   |-->Monitor "<default monitor>"
[  1560.828] (==) No monitor specified for screen "Default Screen Section".
	Using a default monitor configuration.
[  1560.828] (==) Automatically adding devices
[  1560.828] (==) Automatically enabling devices
[  1560.829] (==) Automatically adding GPU devices
[  1560.829] (==) Automatically binding GPU devices
[  1560.829] (==) Max clients allowed: 256, resource mask: 0x1fffff
[  1560.829] (WW) The directory "/usr/share/fonts/X11/cyrillic" does not exist.
[  1560.829] 	Entry deleted from font path.
[  1560.829] (WW) The directory "/usr/share/fonts/X11/100dpi/" does not exist.
[  1560.829] 	Entry deleted from font path.
[  1560.830] (WW) The directory "/usr/share/fonts/X11/75dpi/" does not exist.
[  1560.830] 	Entry deleted from font path.
[  1560.830] (WW) The directory "/usr/share/fonts/X11/100dpi" does not exist.
[  1560.830] 	Entry deleted from font path.
[  1560.830] (WW) The directory "/usr/share/fonts/X11/75dpi" does not exist.
[  1560.830] 	Entry deleted from font path.
[  1560.830] (==) FontPath set to:
	/usr/share/fonts/X11/misc,
	/usr/share/fonts/X11/Type1,
	built-ins
[  1560.831] (==) ModulePath set to "/usr/lib/xorg/modules"
[  1560.831] (II) The server relies on udev to provide the list of input devices.
	If no devices become available, reconfigure udev or disable AutoAddDevices.
[  1560.831] (II) Loader magic: 0x5586ee116020
[  1560.831] (II) Module ABI versions:
[  1560.831] 	X.Org ANSI C Emulation: 0.4
[  1560.832] 	X.Org Video Driver: 23.0
[  1560.832] 	X.Org XInput driver : 24.1
[  1560.832] 	X.Org Server Extension : 10.0
[  1560.833] (++) using VT number 2

[  1560.841] (II) systemd-logind: took control of session /org/freedesktop/login1/session/_34
[  1560.844] (II) xfree86: Adding drm device (/dev/dri/card0)
[  1560.847] (II) systemd-logind: got fd for /dev/dri/card0 226:0 fd 12 paused 0
[  1560.857] (--) PCI:*(0:0:2:0) 80ee:beef:0000:0000 rev 0, Mem @ 0xe0000000/16777216, BIOS @ 0x????????/131072
[  1560.857] (II) LoadModule: "glx"
[  1560.875] (II) Loading /usr/lib/xorg/modules/extensions/libglx.so
[  1560.878] (II) Module glx: vendor="X.Org Foundation"
[  1560.878] 	compiled for 1.19.6, module version = 1.0.0
[  1560.878] 	ABI class: X.Org Server Extension, version 10.0
[  1560.878] (==) Matched vboxvideo as autoconfigured driver 0
[  1560.878] (==) Matched vboxvideo as autoconfigured driver 1
[  1560.878] (==) Matched modesetting as autoconfigured driver 2
[  1560.878] (==) Matched fbdev as autoconfigured driver 3
[  1560.878] (==) Matched vesa as autoconfigured driver 4
[  1560.878] (==) Assigned the driver to the xf86ConfigLayout
[  1560.878] (II) LoadModule: "vboxvideo"
[  1560.879] (WW) Warning, couldn't open module vboxvideo
[  1560.879] (II) UnloadModule: "vboxvideo"
[  1560.879] (II) Unloading vboxvideo
[  1560.879] (EE) Failed to load module "vboxvideo" (module does not exist, 0)
[  1560.879] (II) LoadModule: "modesetting"
[  1560.879] (II) Loading /usr/lib/xorg/modules/drivers/modesetting_drv.so
[  1560.898] (II) Module modesetting: vendor="X.Org Foundation"
[  1560.898] 	compiled for 1.19.6, module version = 1.19.6
[  1560.898] 	Module class: X.Org Video Driver
[  1560.898] 	ABI class: X.Org Video Driver, version 23.0
[  1560.898] (II) LoadModule: "fbdev"
[  1560.898] (II) Loading /usr/lib/xorg/modules/drivers/fbdev_drv.so
[  1560.899] (II) Module fbdev: vendor="X.Org Foundation"
[  1560.899] 	compiled for 1.19.3, module version = 0.4.4
[  1560.899] 	Module class: X.Org Video Driver
[  1560.899] 	ABI class: X.Org Video Driver, version 23.0
[  1560.899] (II) LoadModule: "vesa"
[  1560.899] (II) Loading /usr/lib/xorg/modules/drivers/vesa_drv.so
[  1560.912] (II) Module vesa: vendor="X.Org Foundation"
[  1560.912] 	compiled for 1.19.3, module version = 2.3.4
[  1560.912] 	Module class: X.Org Video Driver
[  1560.912] 	ABI class: X.Org Video Driver, version 23.0
[  1560.912] (==) Matched vboxvideo as autoconfigured driver 0
[  1560.912] (==) Matched vboxvideo as autoconfigured driver 1
[  1560.912] (==) Matched modesetting as autoconfigured driver 2
[  1560.912] (==) Matched fbdev as autoconfigured driver 3
[  1560.912] (==) Matched vesa as autoconfigured driver 4
[  1560.912] (==) Assigned the driver to the xf86ConfigLayout
[  1560.912] (II) LoadModule: "vboxvideo"
[  1560.912] (WW) Warning, couldn't open module vboxvideo
[  1560.912] (II) UnloadModule: "vboxvideo"
[  1560.912] (II) Unloading vboxvideo
[  1560.912] (EE) Failed to load module "vboxvideo" (module does not exist, 0)
[  1560.912] (II) LoadModule: "modesetting"
[  1560.912] (II) Loading /usr/lib/xorg/modules/drivers/modesetting_drv.so
[  1560.912] (II) Module modesetting: vendor="X.Org Foundation"
[  1560.912] 	compiled for 1.19.6, module version = 1.19.6
[  1560.912] 	Module class: X.Org Video Driver
[  1560.912] 	ABI class: X.Org Video Driver, version 23.0
[  1560.912] (II) UnloadModule: "modesetting"
[  1560.912] (II) Unloading modesetting
[  1560.912] (II) Failed to load module "modesetting" (already loaded, 0)
[  1560.912] (II) LoadModule: "fbdev"
[  1560.913] (II) Loading /usr/lib/xorg/modules/drivers/fbdev_drv.so
[  1560.913] (II) Module fbdev: vendor="X.Org Foundation"
[  1560.913] 	compiled for 1.19.3, module version = 0.4.4
[  1560.913] 	Module class: X.Org Video Driver
[  1560.913] 	ABI class: X.Org Video Driver, version 23.0
[  1560.913] (II) UnloadModule: "fbdev"
[  1560.913] (II) Unloading fbdev
[  1560.913] (II) Failed to load module "fbdev" (already loaded, 0)
[  1560.913] (II) LoadModule: "vesa"
[  1560.913] (II) Loading /usr/lib/xorg/modules/drivers/vesa_drv.so
[  1560.913] (II) Module vesa: vendor="X.Org Foundation"
[  1560.913] 	compiled for 1.19.3, module version = 2.3.4
[  1560.913] 	Module class: X.Org Video Driver
[  1560.913] 	ABI class: X.Org Video Driver, version 23.0
[  1560.913] (II) UnloadModule: "vesa"
[  1560.913] (II) Unloading vesa
[  1560.913] (II) Failed to load module "vesa" (already loaded, 0)
[  1560.913] (II) modesetting: Driver for Modesetting Kernel Drivers: kms
[  1560.913] (II) FBDEV: driver for framebuffer: fbdev
[  1560.913] (II) VESA: driver for VESA chipsets: vesa
[  1560.915] xf86EnableIOPorts: failed to set IOPL for I/O (Operation not permitted)
[  1560.915] (II) modeset(0): using drv /dev/dri/card0
[  1560.915] (WW) Falling back to old probe method for fbdev
[  1560.915] (II) Loading sub module "fbdevhw"
[  1560.915] (II) LoadModule: "fbdevhw"
[  1560.915] (II) Loading /usr/lib/xorg/modules/libfbdevhw.so
[  1560.916] (II) Module fbdevhw: vendor="X.Org Foundation"
[  1560.916] 	compiled for 1.19.6, module version = 0.0.2
[  1560.916] 	ABI class: X.Org Video Driver, version 23.0
[  1560.916] (EE) open /dev/fb0: Permission denied
[  1560.916] (WW) Falling back to old probe method for vesa
[  1560.916] (WW) VGA arbiter: cannot open kernel arbiter, no multi-card support
[  1560.916] (II) modeset(0): Creating default Display subsection in Screen section
	"Default Screen Section" for depth/fbbpp 24/32
[  1560.916] (==) modeset(0): Depth 24, (==) framebuffer bpp 32
[  1560.916] (==) modeset(0): RGB weight 888
[  1560.916] (==) modeset(0): Default visual is TrueColor
[  1560.916] (II) Loading sub module "glamoregl"
[  1560.916] (II) LoadModule: "glamoregl"
[  1560.916] (II) Loading /usr/lib/xorg/modules/libglamoregl.so
[  1560.938] (II) Module glamoregl: vendor="X.Org Foundation"
[  1560.938] 	compiled for 1.19.6, module version = 1.0.0
[  1560.938] 	ABI class: X.Org ANSI C Emulation, version 0.4
[  1560.938] (II) glamor: OpenGL accelerated X.org driver based.
[  1560.975] (II) glamor: EGL version 1.4:
[  1560.975] EGL_MESA_drm_image required.
[  1560.975] (EE) modeset(0): glamor initialization failed
[  1560.975] (II) modeset(0): ShadowFB: preferred NO, enabled NO
[  1560.979] (II) modeset(0): Output VGA-1 has no monitor section
[  1560.979] (II) modeset(0): EDID for output VGA-1
[  1560.979] (II) modeset(0): Manufacturer: VBX  Model: 0  Serial#: 61604798
[  1560.979] (II) modeset(0): Year: 1990  Week: 1
[  1560.980] (II) modeset(0): EDID Version: 1.3
[  1560.980] (II) modeset(0): Digital Display Input
[  1560.980] (II) modeset(0): Indeterminate output size
[  1560.980] (II) modeset(0): Gamma: 2.20
[  1560.980] (II) modeset(0): DPMS capabilities: StandBy Suspend Off
[  1560.980] (II) modeset(0): Supported color encodings: RGB 4:4:4 YCrCb 4:4:4 
[  1560.981] (II) modeset(0): Default color space is primary color space
[  1560.981] (II) modeset(0): First detailed timing is preferred mode
[  1560.981] (II) modeset(0): redX: 0.640 redY: 0.330   greenX: 0.300 greenY: 0.600
[  1560.981] (II) modeset(0): blueX: 0.150 blueY: 0.060   whiteX: 0.312 whiteY: 0.329
[  1560.981] (II) modeset(0): Manufacturer's mask: 0
[  1560.981] (II) modeset(0): Supported detailed timing:
[  1560.981] (II) modeset(0): clock: 54.7 MHz   Image Size:  0 x 0 mm
[  1560.981] (II) modeset(0): h_active: 958  h_sync: 960  h_sync_end 962 h_blank_end 964 h_border: 0
[  1560.982] (II) modeset(0): v_active: 940  v_sync: 940  v_sync_end 974 v_blanking: 946 v_border: 0
[  1560.982] (II) modeset(0): Ranges: V min: 0 V max: 200 Hz, H min: 0 H max: 200 kHz, PixClock max 1005 MHz
[  1560.982] (II) modeset(0): Monitor name: VBOX monitor
[  1560.982] (II) modeset(0): EDID (in hex):
[  1560.982] (II) modeset(0): 	00ffffffffffff0058580000be03ac03
[  1560.982] (II) modeset(0): 	0100010380000078eeee91a3544c9926
[  1560.982] (II) modeset(0): 	0f505400000001010101010101010101
[  1560.982] (II) modeset(0): 	0101010101015f15be0630ac06300202
[  1560.983] (II) modeset(0): 	0202000000000000000000fd0000c800
[  1560.983] (II) modeset(0): 	c864000a202020202020000000fc0056
[  1560.983] (II) modeset(0): 	424f58206d6f6e69746f720a00000010
[  1560.983] (II) modeset(0): 	000a20202020202020202020202000a3
[  1560.983] (II) modeset(0): Printing probed modes for output VGA-1
[  1560.983] (II) modeset(0): Modeline "952x940"x60.0   73.49  952 1008 1104 1256  940 943 953 976 -hsync +vsync (58.5 kHz P)
[  1560.983] (II) modeset(0): Modeline "2560x1600"x60.0  348.50  2560 2752 3032 3504  1600 1603 1609 1658 -hsync +vsync (99.5 kHz e)
[  1560.983] (II) modeset(0): Modeline "2560x1600"x60.0  268.50  2560 2608 2640 2720  1600 1603 1609 1646 +hsync -vsync (98.7 kHz e)
[  1560.984] (II) modeset(0): Modeline "1920x1440"x60.0  234.00  1920 2048 2256 2600  1440 1441 1444 1500 -hsync +vsync (90.0 kHz e)
[  1560.984] (II) modeset(0): Modeline "1856x1392"x60.0  218.25  1856 1952 2176 2528  1392 1393 1396 1439 -hsync +vsync (86.3 kHz e)
[  1560.984] (II) modeset(0): Modeline "1792x1344"x60.0  204.75  1792 1920 2120 2448  1344 1345 1348 1394 -hsync +vsync (83.6 kHz e)
[  1560.984] (II) modeset(0): Modeline "2048x1152"x60.0  162.00  2048 2074 2154 2250  1152 1153 1156 1200 +hsync +vsync (72.0 kHz e)
[  1560.984] (II) modeset(0): Modeline "1920x1200"x59.9  193.25  1920 2056 2256 2592  1200 1203 1209 1245 -hsync +vsync (74.6 kHz e)
[  1560.984] (II) modeset(0): Modeline "1920x1200"x60.0  154.00  1920 1968 2000 2080  1200 1203 1209 1235 +hsync -vsync (74.0 kHz e)
[  1560.984] (II) modeset(0): Modeline "1920x1080"x60.0  148.50  1920 2008 2052 2200  1080 1084 1089 1125 -hsync -vsync (67.5 kHz e)
[  1560.984] (II) modeset(0): Modeline "1600x1200"x60.0  162.00  1600 1664 1856 2160  1200 1201 1204 1250 +hsync +vsync (75.0 kHz e)
[  1560.984] (II) modeset(0): Modeline "1680x1050"x60.0  146.25  1680 1784 1960 2240  1050 1053 1059 1089 -hsync +vsync (65.3 kHz e)
[  1560.984] (II) modeset(0): Modeline "1680x1050"x59.9  119.00  1680 1728 1760 1840  1050 1053 1059 1080 +hsync -vsync (64.7 kHz e)
[  1560.984] (II) modeset(0): Modeline "1400x1050"x60.0  121.75  1400 1488 1632 1864  1050 1053 1057 1089 -hsync +vsync (65.3 kHz e)
[  1560.984] (II) modeset(0): Modeline "1400x1050"x59.9  101.00  1400 1448 1480 1560  1050 1053 1057 1080 +hsync -vsync (64.7 kHz e)
[  1560.985] (II) modeset(0): Modeline "1600x900"x60.0  108.00  1600 1624 1704 1800  900 901 904 1000 +hsync +vsync (60.0 kHz e)
[  1560.985] (II) modeset(0): Modeline "1280x1024"x60.0  108.00  1280 1328 1440 1688  1024 1025 1028 1066 +hsync +vsync (64.0 kHz e)
[  1560.985] (II) modeset(0): Modeline "1440x900"x59.9  106.50  1440 1520 1672 1904  900 903 909 934 -hsync +vsync (55.9 kHz e)
[  1560.985] (II) modeset(0): Modeline "1440x900"x59.9   88.75  1440 1488 1520 1600  900 903 909 926 +hsync -vsync (55.5 kHz e)
[  1560.985] (II) modeset(0): Modeline "1280x960"x60.0  108.00  1280 1376 1488 1800  960 961 964 1000 +hsync +vsync (60.0 kHz e)
[  1560.985] (II) modeset(0): Modeline "1366x768"x59.8   85.50  1366 1436 1579 1792  768 771 774 798 +hsync +vsync (47.7 kHz e)
[  1560.985] (II) modeset(0): Modeline "1366x768"x60.0   72.00  1366 1380 1436 1500  768 769 772 800 +hsync +vsync (48.0 kHz e)
[  1560.985] (II) modeset(0): Modeline "1360x768"x60.0   85.50  1360 1424 1536 1792  768 771 777 795 +hsync +vsync (47.7 kHz e)
[  1560.985] (II) modeset(0): Modeline "1280x800"x59.8   83.50  1280 1352 1480 1680  800 803 809 831 -hsync +vsync (49.7 kHz e)
[  1560.985] (II) modeset(0): Modeline "1280x800"x59.9   71.00  1280 1328 1360 1440  800 803 809 823 +hsync -vsync (49.3 kHz e)
[  1560.985] (II) modeset(0): Modeline "1280x768"x59.9   79.50  1280 1344 1472 1664  768 771 778 798 -hsync +vsync (47.8 kHz e)
[  1560.985] (II) modeset(0): Modeline "1280x768"x60.0   68.25  1280 1328 1360 1440  768 771 778 790 +hsync -vsync (47.4 kHz e)
[  1560.985] (II) modeset(0): Modeline "1280x720"x60.0   74.25  1280 1390 1430 1650  720 725 730 750 +hsync +vsync (45.0 kHz e)
[  1560.985] (II) modeset(0): Modeline "1024x768"x60.0   65.00  1024 1048 1184 1344  768 771 777 806 -hsync -vsync (48.4 kHz e)
[  1560.985] (II) modeset(0): Modeline "800x600"x60.3   40.00  800 840 968 1056  600 601 605 628 +hsync +vsync (37.9 kHz e)
[  1560.985] (II) modeset(0): Modeline "800x600"x56.2   36.00  800 824 896 1024  600 601 603 625 +hsync +vsync (35.2 kHz e)
[  1560.985] (II) modeset(0): Modeline "848x480"x60.0   33.75  848 864 976 1088  480 486 494 517 +hsync +vsync (31.0 kHz e)
[  1560.985] (II) modeset(0): Modeline "640x480"x59.9   25.18  640 656 752 800  480 490 492 525 -hsync -vsync (31.5 kHz e)
[  1560.985] (II) modeset(0): Output VGA-1 connected
[  1560.985] (II) modeset(0): Using exact sizes for initial modes
[  1560.985] (II) modeset(0): Output VGA-1 using initial mode 952x940 +0+0
[  1560.985] (==) modeset(0): Using gamma correction (1.0, 1.0, 1.0)
[  1560.985] (==) modeset(0): DPI set to (96, 96)
[  1560.985] (II) Loading sub module "fb"
[  1560.985] (II) LoadModule: "fb"
[  1560.985] (II) Loading /usr/lib/xorg/modules/libfb.so
[  1560.988] (II) Module fb: vendor="X.Org Foundation"
[  1560.988] 	compiled for 1.19.6, module version = 1.0.0
[  1560.988] 	ABI class: X.Org ANSI C Emulation, version 0.4
[  1560.988] (II) UnloadModule: "fbdev"
[  1560.988] (II) Unloading fbdev
[  1560.988] (II) UnloadSubModule: "fbdevhw"
[  1560.988] (II) Unloading fbdevhw
[  1560.988] (II) UnloadModule: "vesa"
[  1560.988] (II) Unloading vesa
[  1560.989] (==) Depth 24 pixmap format is 32 bpp
[  1560.990] (==) modeset(0): Backing store enabled
[  1560.990] (==) modeset(0): Silken mouse enabled
[  1560.990] (II) modeset(0): RandR 1.2 enabled, ignore the following RandR disabled message.
[  1560.991] (==) modeset(0): DPMS enabled
[  1560.991] (--) RandR disabled
[  1560.997] (II) SELinux: Disabled on system
[  1560.998] (II) AIGLX: Screen 0 is not DRI2 capable
[  1560.998] (EE) AIGLX: reverting to software rendering
[  1561.007] (II) IGLX: enabled GLX_MESA_copy_sub_buffer
[  1561.008] (II) IGLX: Loaded and initialized swrast
[  1561.008] (II) GLX: Initialized DRISWRAST GL provider for screen 0
[  1561.009] (II) modeset(0): Damage tracking initialized
[  1561.009] (II) modeset(0): Setting screen physical size to 251 x 248
[  1561.059] (II) config/udev: Adding input device Power Button (/dev/input/event0)
[  1561.059] (**) Power Button: Applying InputClass "evdev keyboard catchall"
[  1561.059] (**) Power Button: Applying InputClass "libinput keyboard catchall"
[  1561.059] (II) LoadModule: "libinput"
[  1561.059] (II) Loading /usr/lib/xorg/modules/input/libinput_drv.so
[  1561.074] (II) Module libinput: vendor="X.Org Foundation"
[  1561.074] 	compiled for 1.19.6, module version = 0.27.1
[  1561.074] 	Module class: X.Org XInput Driver
[  1561.074] 	ABI class: X.Org XInput driver, version 24.1
[  1561.074] (II) Using input driver 'libinput' for 'Power Button'
[  1561.088] (II) systemd-logind: got fd for /dev/input/event0 13:64 fd 20 paused 0
[  1561.088] (**) Power Button: always reports core events
[  1561.088] (**) Option "Device" "/dev/input/event0"
[  1561.089] (**) Option "_source" "server/udev"
[  1561.089] (II) event0  - Power Button: is tagged by udev as: Keyboard
[  1561.089] (II) event0  - Power Button: device is a keyboard
[  1561.090] (II) event0  - Power Button: device removed
[  1561.090] (**) Option "config_info" "udev:/sys/devices/LNXSYSTM:00/LNXPWRBN:00/input/input0/event0"
[  1561.090] (II) XINPUT: Adding extended input device "Power Button" (type: KEYBOARD, id 6)
[  1561.090] (**) Option "xkb_model" "pc105"
[  1561.090] (**) Option "xkb_layout" "us"
[  1561.092] (II) event0  - Power Button: is tagged by udev as: Keyboard
[  1561.092] (II) event0  - Power Button: device is a keyboard
[  1561.094] (II) config/udev: Adding input device Sleep Button (/dev/input/event1)
[  1561.094] (**) Sleep Button: Applying InputClass "evdev keyboard catchall"
[  1561.095] (**) Sleep Button: Applying InputClass "libinput keyboard catchall"
[  1561.095] (II) Using input driver 'libinput' for 'Sleep Button'
[  1561.096] (II) systemd-logind: got fd for /dev/input/event1 13:65 fd 23 paused 0
[  1561.097] (**) Sleep Button: always reports core events
[  1561.097] (**) Option "Device" "/dev/input/event1"
[  1561.097] (**) Option "_source" "server/udev"
[  1561.098] (II) event1  - Sleep Button: is tagged by udev as: Keyboard
[  1561.098] (II) event1  - Sleep Button: device is a keyboard
[  1561.098] (II) event1  - Sleep Button: device removed
[  1561.098] (**) Option "config_info" "udev:/sys/devices/LNXSYSTM:00/LNXSLPBN:00/input/input1/event1"
[  1561.098] (II) XINPUT: Adding extended input device "Sleep Button" (type: KEYBOARD, id 7)
[  1561.098] (**) Option "xkb_model" "pc105"
[  1561.098] (**) Option "xkb_layout" "us"
[  1561.100] (II) event1  - Sleep Button: is tagged by udev as: Keyboard
[  1561.100] (II) event1  - Sleep Button: device is a keyboard
[  1561.102] (II) config/udev: Adding input device Video Bus (/dev/input/event6)
[  1561.102] (**) Video Bus: Applying InputClass "evdev keyboard catchall"
[  1561.102] (**) Video Bus: Applying InputClass "libinput keyboard catchall"
[  1561.102] (II) Using input driver 'libinput' for 'Video Bus'
[  1561.104] (II) systemd-logind: got fd for /dev/input/event6 13:70 fd 24 paused 0
[  1561.104] (**) Video Bus: always reports core events
[  1561.104] (**) Option "Device" "/dev/input/event6"
[  1561.104] (**) Option "_source" "server/udev"
[  1561.105] (II) event6  - Video Bus: is tagged by udev as: Keyboard
[  1561.105] (II) event6  - Video Bus: device is a keyboard
[  1561.105] (II) event6  - Video Bus: device removed
[  1561.105] (**) Option "config_info" "udev:/sys/devices/LNXSYSTM:00/LNXSYBUS:00/PNP0A03:00/LNXVIDEO:00/input/input7/event6"
[  1561.106] (II) XINPUT: Adding extended input device "Video Bus" (type: KEYBOARD, id 8)
[  1561.106] (**) Option "xkb_model" "pc105"
[  1561.106] (**) Option "xkb_layout" "us"
[  1561.111] (II) event6  - Video Bus: is tagged by udev as: Keyboard
[  1561.112] (II) event6  - Video Bus: device is a keyboard
[  1561.113] (II) config/udev: Adding input device VirtualBox mouse integration (/dev/input/event5)
[  1561.113] (**) VirtualBox mouse integration: Applying InputClass "evdev pointer catchall"
[  1561.113] (**) VirtualBox mouse integration: Applying InputClass "libinput pointer catchall"
[  1561.113] (II) Using input driver 'libinput' for 'VirtualBox mouse integration'
[  1561.115] (II) systemd-logind: got fd for /dev/input/event5 13:69 fd 25 paused 0
[  1561.115] (**) VirtualBox mouse integration: always reports core events
[  1561.115] (**) Option "Device" "/dev/input/event5"
[  1561.115] (**) Option "_source" "server/udev"
[  1561.117] (II) event5  - VirtualBox mouse integration: is tagged by udev as: Mouse
[  1561.117] (II) event5  - VirtualBox mouse integration: device is a pointer
[  1561.117] (II) event5  - VirtualBox mouse integration: device removed
[  1561.117] (**) Option "config_info" "udev:/sys/devices/pci0000:00/0000:00:04.0/input/input6/event5"
[  1561.117] (II) XINPUT: Adding extended input device "VirtualBox mouse integration" (type: MOUSE, id 9)
[  1561.118] (**) Option "AccelerationScheme" "none"
[  1561.118] (**) VirtualBox mouse integration: (accel) selected scheme none/0
[  1561.118] (**) VirtualBox mouse integration: (accel) acceleration factor: 2.000
[  1561.118] (**) VirtualBox mouse integration: (accel) acceleration threshold: 4
[  1561.120] (II) event5  - VirtualBox mouse integration: is tagged by udev as: Mouse
[  1561.120] (II) event5  - VirtualBox mouse integration: device is a pointer
[  1561.122] (II) config/udev: Adding input device VirtualBox mouse integration (/dev/input/js1)
[  1561.122] (II) No input driver specified, ignoring this device.
[  1561.122] (II) This device may have been added with another device file.
[  1561.123] (II) config/udev: Adding input device VirtualBox USB Tablet (/dev/input/event4)
[  1561.124] (**) VirtualBox USB Tablet: Applying InputClass "evdev pointer catchall"
[  1561.124] (**) VirtualBox USB Tablet: Applying InputClass "libinput pointer catchall"
[  1561.124] (II) Using input driver 'libinput' for 'VirtualBox USB Tablet'
[  1561.185] (II) systemd-logind: got fd for /dev/input/event4 13:68 fd 26 paused 0
[  1561.185] (**) VirtualBox USB Tablet: always reports core events
[  1561.185] (**) Option "Device" "/dev/input/event4"
[  1561.185] (**) Option "_source" "server/udev"
[  1561.185] (II) event4  - VirtualBox USB Tablet: is tagged by udev as: Mouse
[  1561.185] (II) event4  - VirtualBox USB Tablet: device is a pointer
[  1561.185] (II) event4  - VirtualBox USB Tablet: device removed
[  1561.185] (**) Option "config_info" "udev:/sys/devices/pci0000:00/0000:00:06.0/usb1/1-1/1-1:1.0/0003:80EE:0021.0001/input/input5/event4"
[  1561.185] (II) XINPUT: Adding extended input device "VirtualBox USB Tablet" (type: MOUSE, id 10)
[  1561.186] (**) Option "AccelerationScheme" "none"
[  1561.186] (**) VirtualBox USB Tablet: (accel) selected scheme none/0
[  1561.186] (**) VirtualBox USB Tablet: (accel) acceleration factor: 2.000
[  1561.186] (**) VirtualBox USB Tablet: (accel) acceleration threshold: 4
[  1561.186] (II) event4  - VirtualBox USB Tablet: is tagged by udev as: Mouse
[  1561.186] (II) event4  - VirtualBox USB Tablet: device is a pointer
[  1561.187] (II) config/udev: Adding input device VirtualBox USB Tablet (/dev/input/js0)
[  1561.187] (II) No input driver specified, ignoring this device.
[  1561.187] (II) This device may have been added with another device file.
[  1561.188] (II) config/udev: Adding input device VirtualBox USB Tablet (/dev/input/mouse1)
[  1561.190] (II) No input driver specified, ignoring this device.
[  1561.190] (II) This device may have been added with another device file.
[  1561.192] (II) config/udev: Adding input device AT Translated Set 2 keyboard (/dev/input/event2)
[  1561.192] (**) AT Translated Set 2 keyboard: Applying InputClass "evdev keyboard catchall"
[  1561.192] (**) AT Translated Set 2 keyboard: Applying InputClass "libinput keyboard catchall"
[  1561.193] (II) Using input driver 'libinput' for 'AT Translated Set 2 keyboard'
[  1561.194] (II) systemd-logind: got fd for /dev/input/event2 13:66 fd 27 paused 0
[  1561.194] (**) AT Translated Set 2 keyboard: always reports core events
[  1561.194] (**) Option "Device" "/dev/input/event2"
[  1561.194] (**) Option "_source" "server/udev"
[  1561.196] (II) event2  - AT Translated Set 2 keyboard: is tagged by udev as: Keyboard
[  1561.196] (II) event2  - AT Translated Set 2 keyboard: device is a keyboard
[  1561.196] (II) event2  - AT Translated Set 2 keyboard: device removed
[  1561.196] (**) Option "config_info" "udev:/sys/devices/platform/i8042/serio0/input/input2/event2"
[  1561.197] (II) XINPUT: Adding extended input device "AT Translated Set 2 keyboard" (type: KEYBOARD, id 11)
[  1561.197] (**) Option "xkb_model" "pc105"
[  1561.197] (**) Option "xkb_layout" "us"
[  1561.200] (II) event2  - AT Translated Set 2 keyboard: is tagged by udev as: Keyboard
[  1561.200] (II) event2  - AT Translated Set 2 keyboard: device is a keyboard
[  1561.201] (II) config/udev: Adding input device ImExPS/2 Generic Explorer Mouse (/dev/input/event3)
[  1561.201] (**) ImExPS/2 Generic Explorer Mouse: Applying InputClass "evdev pointer catchall"
[  1561.201] (**) ImExPS/2 Generic Explorer Mouse: Applying InputClass "libinput pointer catchall"
[  1561.201] (II) Using input driver 'libinput' for 'ImExPS/2 Generic Explorer Mouse'
[  1561.203] (II) systemd-logind: got fd for /dev/input/event3 13:67 fd 28 paused 0
[  1561.203] (**) ImExPS/2 Generic Explorer Mouse: always reports core events
[  1561.203] (**) Option "Device" "/dev/input/event3"
[  1561.203] (**) Option "_source" "server/udev"
[  1561.204] (II) event3  - ImExPS/2 Generic Explorer Mouse: is tagged by udev as: Mouse
[  1561.204] (II) event3  - ImExPS/2 Generic Explorer Mouse: device is a pointer
[  1561.205] (II) event3  - ImExPS/2 Generic Explorer Mouse: device removed
[  1561.205] (**) Option "config_info" "udev:/sys/devices/platform/i8042/serio1/input/input4/event3"
[  1561.205] (II) XINPUT: Adding extended input device "ImExPS/2 Generic Explorer Mouse" (type: MOUSE, id 12)
[  1561.207] (**) Option "AccelerationScheme" "none"
[  1561.208] (**) ImExPS/2 Generic Explorer Mouse: (accel) selected scheme none/0
[  1561.208] (**) ImExPS/2 Generic Explorer Mouse: (accel) acceleration factor: 2.000
[  1561.208] (**) ImExPS/2 Generic Explorer Mouse: (accel) acceleration threshold: 4
[  1561.209] (II) event3  - ImExPS/2 Generic Explorer Mouse: is tagged by udev as: Mouse
[  1561.209] (II) event3  - ImExPS/2 Generic Explorer Mouse: device is a pointer
[  1561.210] (II) config/udev: Adding input device ImExPS/2 Generic Explorer Mouse (/dev/input/mouse0)
[  1561.210] (II) No input driver specified, ignoring this device.
[  1561.210] (II) This device may have been added with another device file.
[  1563.480] (II) modeset(0): EDID vendor "VBX", prod id 0
[  1563.480] (II) modeset(0): DDCModeFromDetailedTiming: 958x940 Warning: We only handle separate sync.
[  1563.480] (II) modeset(0): Using EDID range info for horizontal sync
[  1563.480] (II) modeset(0): Using EDID range info for vertical refresh
[  1612.985] (II) modeset(0): EDID vendor "VBX", prod id 0
[  1612.986] (II) modeset(0): DDCModeFromDetailedTiming: 958x940 Warning: We only handle separate sync.
[  1612.986] (II) modeset(0): Using hsync ranges from config file
[  1612.986] (II) modeset(0): Using vrefresh ranges from config file
[  3967.782] (II) modeset(0): EDID vendor "VBX", prod id 0
[  3968.148] (II) modeset(0): DDCModeFromDetailedTiming: 1920x950 Warning: We only handle separate sync.
[  3968.148] (II) modeset(0): Using hsync ranges from config file
[  3968.148] (II) modeset(0): Using vrefresh ranges from config file
[  3975.860] (II) modeset(0): Allocate new frame buffer 1920x950 stride
[  3978.257] (II) modeset(0): EDID vendor "VBX", prod id 0
[  3978.257] (II) modeset(0): DDCModeFromDetailedTiming: 1920x950 Warning: We only handle separate sync.
[  3978.257] (II) modeset(0): Using hsync ranges from config file
[  3978.257] (II) modeset(0): Using vrefresh ranges from config file
[  4025.911] (II) modeset(0): EDID vendor "VBX", prod id 0
[  4025.911] (II) modeset(0): DDCModeFromDetailedTiming: 952x940 Warning: We only handle separate sync.
[  4025.911] (II) modeset(0): Using hsync ranges from config file
[  4025.911] (II) modeset(0): Using vrefresh ranges from config file
[  4025.925] (II) modeset(0): Allocate new frame buffer 952x940 stride
[  4026.349] (II) modeset(0): EDID vendor "VBX", prod id 0
[  4026.349] (II) modeset(0): DDCModeFromDetailedTiming: 952x940 Warning: We only handle separate sync.
[  4026.350] (II) modeset(0): Using hsync ranges from config file
[  4026.350] (II) modeset(0): Using vrefresh ranges from config file
